<?xml version="1.0" encoding="UTF-8"?>
<!-- Generated by org.testng.reporters.JUnitXMLReporter -->
<testsuite hostname="LAPTOP-HE76TO44" name="Test" tests="1" failures="1" timestamp="16 Dec 2020 16:50:43 GMT" time="0.06" errors="0">
  <testcase name="beforeTestMethod" time="0.036" classname="com.mmt.mmtLogin">
    <failure type="java.lang.NoClassDefFoundError" message="com/google/common/base/Function">
      <![CDATA[java.lang.NoClassDefFoundError: com/google/common/base/Function
	at com.mmt.mmtLogin.beforeTestMethod(mmtLogin.java:14)
Caused by: java.lang.ClassNotFoundException: com.google.common.base.Function
	at java.net.URLClassLoader.findClass(Unknown Source)
	at java.lang.ClassLoader.loadClass(Unknown Source)
	at sun.misc.Launcher$AppClassLoader.loadClass(Unknown Source)
	at java.lang.ClassLoader.loadClass(Unknown Source)
	... 25 more
... Removed 24 stack frames]]>
    </failure>
  </testcase> <!-- beforeTestMethod -->
</testsuite> <!-- Test -->
