<?xml version="1.0" encoding="UTF-8"?>
<!-- Generated by org.testng.reporters.JUnitXMLReporter -->
<testsuite hostname="LAPTOP-HE76TO44" name="Test" tests="8" failures="0" timestamp="26 Oct 2019 06:17:24 GMT" time="0.057" errors="0">
  <testcase name="sss" time="0.012" classname="TestNGSamples.groupsTestNG"/>
  <testcase name="tc5" time="0.002" classname="TestNGSamples.groupsTestNG"/>
  <testcase name="testCaseFive" time="0.001" classname="TestNGSamples.groupsTestNG"/>
  <testcase name="testcase1" time="0.002" classname="TestNGSamples.groupsTestNG"/>
  <testcase name="testcase11" time="0.002" classname="TestNGSamples.groupsTestNG"/>
  <testcase name="ttt" time="0.0" classname="TestNGSamples.groupsTestNG"/>
  <testcase name="tttt" time="0.0" classname="TestNGSamples.groupsTestNG"/>
  <testcase name="testCaseThree" time="0.0" classname="TestNGSamples.groupsTestNG"/>
</testsuite> <!-- Test -->
