<?xml version="1.0" encoding="UTF-8"?>
<testng-results skipped="0" failed="0" total="2" passed="2">
  <reporter-output>
  </reporter-output>
  <suite name="Default suite" duration-ms="45436" started-at="2021-01-16T18:24:54Z" finished-at="2021-01-16T18:25:39Z">
    <groups>
    </groups>
    <test name="Default test" duration-ms="45436" started-at="2021-01-16T18:24:54Z" finished-at="2021-01-16T18:25:39Z">
      <class name="verifyMobilePages.MainAmazonPage">
        <test-method status="PASS" signature="beforeTestMethod()[pri:0, instance:verifyMobilePages.MainAmazonPage@3834d63f]" name="beforeTestMethod" is-config="true" duration-ms="17776" started-at="2021-01-16T23:54:54Z" finished-at="2021-01-16T23:55:11Z">
          <reporter-output>
          </reporter-output>
        </test-method> <!-- beforeTestMethod -->
        <test-method status="PASS" signature="login()[pri:0, instance:verifyMobilePages.MainAmazonPage@3834d63f]" name="login" duration-ms="4686" started-at="2021-01-16T23:55:11Z" finished-at="2021-01-16T23:55:16Z">
          <reporter-output>
          </reporter-output>
        </test-method> <!-- login -->
        <test-method status="PASS" signature="runMainSearchItems()[pri:1, instance:verifyMobilePages.MainAmazonPage@3834d63f]" name="runMainSearchItems" duration-ms="22959" started-at="2021-01-16T23:55:16Z" finished-at="2021-01-16T23:55:39Z">
          <reporter-output>
          </reporter-output>
        </test-method> <!-- runMainSearchItems -->
      </class> <!-- verifyMobilePages.MainAmazonPage -->
    </test> <!-- Default test -->
  </suite> <!-- Default suite -->
</testng-results>
